0 info it worked if it ends with ok
1 verbose cli [ 'node', '/usr/local/bin/npm', 'link', 'redl.js' ]
2 info using npm@1.1.49
3 info using node@v0.8.7
4 info /Users/mason/Work/redl.js/node_modules/redl.js unbuild
5 verbose read json /Users/mason/Work/redl.js/node_modules/redl.js/package.json
6 warn package.json redl.js@0.1.0 No README.md file found!
7 info preuninstall redl.js@0.1.0
8 info uninstall redl.js@0.1.0
9 verbose true,/Users/mason/Work/redl.js/node_modules,/Users/mason/Work/redl.js/node_modules unbuild redl.js@0.1.0
10 verbose /Users/mason/Work/redl.js/node_modules/.bin,[object Object] binRoot
11 info postuninstall redl.js@0.1.0
12 verbose link symlinking /usr/local/lib/node_modules/redl.js to /Users/mason/Work/redl.js/node_modules/redl.js
13 info build /Users/mason/Work/redl.js/node_modules/redl.js
14 verbose read json /Users/mason/Work/redl.js/node_modules/redl.js/package.json
15 info preinstall redl.js@0.1.0
16 verbose linkStuff [ false, false, false, '/Users/mason/Work/redl.js/node_modules' ]
17 info linkStuff redl.js@0.1.0
18 verbose linkBins redl.js@0.1.0
19 verbose link bins [ { redl: './bin/redl' },
19 verbose link bins   '/Users/mason/Work/redl.js/node_modules/.bin',
19 verbose link bins   false ]
20 verbose linkMans redl.js@0.1.0
21 verbose rebuildBundles redl.js@0.1.0
22 verbose rebuildBundles [ '.bin', 'coffee-script', 'mocha', 'redl.js', 'should' ]
23 verbose rebuild bundle /Users/mason/Work/redl.js/node_modules/redl.js/node_modules/redl.js
24 error Error: ENOENT, chmod '/Users/mason/Work/redl.js/node_modules/redl.js/bin/redl'
25 error If you need help, you may report this log at:
25 error     <http://github.com/isaacs/npm/issues>
25 error or email it to:
25 error     <npm-@googlegroups.com>
26 error System Darwin 11.4.0
27 error command "node" "/usr/local/bin/npm" "link" "redl.js"
28 error cwd /Users/mason/Work/redl.js
29 error node -v v0.8.7
30 error npm -v 1.1.49
31 error path /Users/mason/Work/redl.js/node_modules/redl.js/bin/redl
32 error code ENOENT
33 error errno 34
34 verbose exit [ 34, true ]
